<?xml version="1.0" encoding="UTF-8"?>
<testng-results skipped="1" failed="1" total="3" passed="1">
  <reporter-output>
    <line>
      <![CDATA[About to begin executing Suite Suite]]>
    </line>
    <line>
      <![CDATA[About to begin executing Test IETest]]>
    </line>
    <line>
      <![CDATA[About to begin executing Test Chore tests]]>
    </line>
    <line>
      <![CDATA[About to begin executing Test FirefoxTest]]>
    </line>
    <line>
      <![CDATA[About to begin executing following method : Cross.beforeTest]]>
    </line>
    <line>
      <![CDATA[About to begin executing following method : Cross.beforeTest]]>
    </line>
    <line>
      <![CDATA[About to begin executing following method : Cross.beforeTest]]>
    </line>
    <line>
      <![CDATA[Completed executing following method : Cross.beforeTest]]>
    </line>
    <line>
      <![CDATA[About to begin executing Suite Suite]]>
    </line>
    <line>
      <![CDATA[About to begin executing Test IETest]]>
    </line>
    <line>
      <![CDATA[About to begin executing Test Chore tests]]>
    </line>
    <line>
      <![CDATA[About to begin executing Test FirefoxTest]]>
    </line>
    <line>
      <![CDATA[About to begin executing following method : Cross.beforeTest]]>
    </line>
    <line>
      <![CDATA[About to begin executing following method : Cross.beforeTest]]>
    </line>
    <line>
      <![CDATA[About to begin executing following method : Cross.beforeTest]]>
    </line>
    <line>
      <![CDATA[Completed executing following method : Cross.beforeTest]]>
    </line>
    <line>
      <![CDATA[About to begin executing following method : Cross.spicejet]]>
    </line>
    <line>
      <![CDATA[Completed executing following method : Cross.spicejet]]>
    </line>
    <line>
      <![CDATA[Test Method resides in sample.Cross]]>
    </line>
    <line>
      <![CDATA[Test Status: Failed]]>
    </line>
    <line>
      <![CDATA[About to begin executing following method : Cross.afterTest]]>
    </line>
    <line>
      <![CDATA[Completed executing following method : Cross.afterTest]]>
    </line>
    <line>
      <![CDATA[About to begin executing Suite Suite]]>
    </line>
    <line>
      <![CDATA[About to begin executing Test IETest]]>
    </line>
    <line>
      <![CDATA[About to begin executing Test Chore tests]]>
    </line>
    <line>
      <![CDATA[About to begin executing Test FirefoxTest]]>
    </line>
    <line>
      <![CDATA[About to begin executing following method : Cross.beforeTest]]>
    </line>
    <line>
      <![CDATA[About to begin executing following method : Cross.beforeTest]]>
    </line>
    <line>
      <![CDATA[About to begin executing following method : Cross.beforeTest]]>
    </line>
    <line>
      <![CDATA[Completed executing following method : Cross.beforeTest]]>
    </line>
    <line>
      <![CDATA[About to begin executing following method : Cross.gmail]]>
    </line>
    <line>
      <![CDATA[Completed executing following method : Cross.gmail]]>
    </line>
    <line>
      <![CDATA[Test Method resides in sample.Cross]]>
    </line>
    <line>
      <![CDATA[Test Status: Pass]]>
    </line>
    <line>
      <![CDATA[About to begin executing following method : Cross.afterTest]]>
    </line>
    <line>
      <![CDATA[Completed executing following method : Cross.afterTest]]>
    </line>
  </reporter-output>
  <suite name="Suite" duration-ms="37652" started-at="2018-05-08T14:50:16Z" finished-at="2018-05-08T14:50:54Z">
    <groups>
    </groups>
    <test name="IETest" duration-ms="3504" started-at="2018-05-08T14:50:16Z" finished-at="2018-05-08T14:50:20Z">
      <class name="sample.Cross">
        <test-method status="FAIL" signature="beforeTest(java.lang.String)[pri:0, instance:sample.Cross@6615435c]" name="beforeTest" is-config="true" duration-ms="0" started-at="2018-05-08T20:20:16Z" finished-at="2018-05-08T20:20:16Z">
          <params>
            <param index="0">
              <value>
                <![CDATA[ie]]>
              </value>
            </param>
          </params>
          <exception class="org.openqa.selenium.remote.SessionNotFoundException">
            <message>
              <![CDATA[Unexpected error launching Internet Explorer. Protected Mode settings are not the same for all zones. Enable Protected Mode must be set to the same value (enabled or disabled) for all zones. (WARNING: The server did not provide any stacktrace information)
Command duration or timeout: 1.62 seconds
Build info: version: '2.53.1', revision: 'a36b8b1cd5757287168e54b817830adce9b0158d', time: '2016-06-30 19:26:09'
System info: host: 'DESKTOP-T7322OL', ip: '192.168.1.5', os.name: 'Windows 10', os.arch: 'amd64', os.version: '10.0', java.version: '1.8.0_121'
Driver info: org.openqa.selenium.ie.InternetExplorerDriver]]>
            </message>
            <full-stacktrace>
              <![CDATA[org.openqa.selenium.remote.SessionNotFoundException: Unexpected error launching Internet Explorer. Protected Mode settings are not the same for all zones. Enable Protected Mode must be set to the same value (enabled or disabled) for all zones. (WARNING: The server did not provide any stacktrace information)
Command duration or timeout: 1.62 seconds
Build info: version: '2.53.1', revision: 'a36b8b1cd5757287168e54b817830adce9b0158d', time: '2016-06-30 19:26:09'
System info: host: 'DESKTOP-T7322OL', ip: '192.168.1.5', os.name: 'Windows 10', os.arch: 'amd64', os.version: '10.0', java.version: '1.8.0_121'
Driver info: org.openqa.selenium.ie.InternetExplorerDriver
	at sun.reflect.NativeConstructorAccessorImpl.newInstance0(Native Method)
	at sun.reflect.NativeConstructorAccessorImpl.newInstance(Unknown Source)
	at sun.reflect.DelegatingConstructorAccessorImpl.newInstance(Unknown Source)
	at java.lang.reflect.Constructor.newInstance(Unknown Source)
	at org.openqa.selenium.remote.ErrorHandler.createThrowable(ErrorHandler.java:206)
	at org.openqa.selenium.remote.ErrorHandler.throwIfResponseFailed(ErrorHandler.java:158)
	at org.openqa.selenium.remote.RemoteWebDriver.execute(RemoteWebDriver.java:678)
	at org.openqa.selenium.remote.RemoteWebDriver.startSession(RemoteWebDriver.java:249)
	at org.openqa.selenium.remote.RemoteWebDriver.startSession(RemoteWebDriver.java:234)
	at org.openqa.selenium.ie.InternetExplorerDriver.run(InternetExplorerDriver.java:182)
	at org.openqa.selenium.ie.InternetExplorerDriver.<init>(InternetExplorerDriver.java:174)
	at org.openqa.selenium.ie.InternetExplorerDriver.<init>(InternetExplorerDriver.java:146)
	at sample.Cross.beforeTest(Cross.java:48)
	at sun.reflect.NativeMethodAccessorImpl.invoke0(Native Method)
	at sun.reflect.NativeMethodAccessorImpl.invoke(Unknown Source)
	at sun.reflect.DelegatingMethodAccessorImpl.invoke(Unknown Source)
	at java.lang.reflect.Method.invoke(Unknown Source)
	at org.testng.internal.MethodInvocationHelper.invokeMethod(MethodInvocationHelper.java:85)
	at org.testng.internal.Invoker.invokeConfigurationMethod(Invoker.java:510)
	at org.testng.internal.Invoker.invokeConfigurations(Invoker.java:211)
	at org.testng.internal.Invoker.invokeConfigurations(Invoker.java:138)
	at org.testng.TestRunner.beforeRun(TestRunner.java:648)
	at org.testng.TestRunner.run(TestRunner.java:616)
	at org.testng.SuiteRunner.runTest(SuiteRunner.java:359)
	at org.testng.SuiteRunner.access$000(SuiteRunner.java:39)
	at org.testng.SuiteRunner$SuiteWorker.run(SuiteRunner.java:393)
	at org.testng.internal.thread.ThreadUtil$2.call(ThreadUtil.java:64)
	at java.util.concurrent.FutureTask.run(Unknown Source)
	at java.util.concurrent.ThreadPoolExecutor.runWorker(Unknown Source)
	at java.util.concurrent.ThreadPoolExecutor$Worker.run(Unknown Source)
	at java.lang.Thread.run(Unknown Source)
]]>
            </full-stacktrace>
          </exception> <!-- org.openqa.selenium.remote.SessionNotFoundException -->
          <reporter-output>
            <line>
              <![CDATA[Completed executing following method : Cross.beforeTest]]>
            </line>
          </reporter-output>
        </test-method> <!-- beforeTest -->
        <test-method status="SKIP" signature="spicejet()[pri:0, instance:sample.Cross@6615435c]" name="spicejet" duration-ms="1" started-at="2018-05-08T20:20:20Z" finished-at="2018-05-08T20:20:20Z">
          <reporter-output>
          </reporter-output>
        </test-method> <!-- spicejet -->
        <test-method status="SKIP" signature="afterTest()[pri:0, instance:sample.Cross@6615435c]" name="afterTest" is-config="true" duration-ms="0" started-at="2018-05-08T20:20:20Z" finished-at="2018-05-08T20:20:20Z">
          <reporter-output>
          </reporter-output>
        </test-method> <!-- afterTest -->
      </class> <!-- sample.Cross -->
    </test> <!-- IETest -->
    <test name="Chore tests" duration-ms="30766" started-at="2018-05-08T14:50:16Z" finished-at="2018-05-08T14:50:47Z">
      <class name="sample.Cross">
        <test-method status="PASS" signature="beforeTest(java.lang.String)[pri:0, instance:sample.Cross@4157f54e]" name="beforeTest" is-config="true" duration-ms="21646" started-at="2018-05-08T20:20:16Z" finished-at="2018-05-08T20:20:38Z">
          <params>
            <param index="0">
              <value>
                <![CDATA[chrome]]>
              </value>
            </param>
          </params>
          <reporter-output>
            <line>
              <![CDATA[Completed executing following method : Cross.beforeTest]]>
            </line>
          </reporter-output>
        </test-method> <!-- beforeTest -->
        <test-method status="FAIL" signature="spicejet()[pri:0, instance:sample.Cross@4157f54e]" name="spicejet" duration-ms="9112" started-at="2018-05-08T20:20:38Z" finished-at="2018-05-08T20:20:47Z">
          <exception class="org.openqa.selenium.WebDriverException">
            <message>
              <![CDATA[unknown error: Element <button type="button" class="ui-datepicker-trigger"></button> is not clickable at point (849, 234). Other element would receive the click: <span class="ui-icon ui-icon-circle-triangle-w">...</span>
  (Session info: chrome=66.0.3359.139)
  (Driver info: chromedriver=2.33.506120 (e3e53437346286c0bc2d2dc9aa4915ba81d9023f),platform=Windows NT 10.0.16299 x86_64) (WARNING: The server did not provide any stacktrace information)
Command duration or timeout: 1.11 seconds
Build info: version: '2.53.1', revision: 'a36b8b1cd5757287168e54b817830adce9b0158d', time: '2016-06-30 19:26:09'
System info: host: 'DESKTOP-T7322OL', ip: '192.168.1.5', os.name: 'Windows 10', os.arch: 'amd64', os.version: '10.0', java.version: '1.8.0_121'
Driver info: org.openqa.selenium.chrome.ChromeDriver
Capabilities [{applicationCacheEnabled=false, rotatable=false, mobileEmulationEnabled=false, networkConnectionEnabled=false, chrome={chromedriverVersion=2.33.506120 (e3e53437346286c0bc2d2dc9aa4915ba81d9023f), userDataDir=C:\Users\Hussain\AppData\Local\Temp\scoped_dir5840_14980}, takesHeapSnapshot=true, pageLoadStrategy=normal, databaseEnabled=false, handlesAlerts=true, hasTouchScreen=false, version=66.0.3359.139, platform=XP, browserConnectionEnabled=false, nativeEvents=true, acceptSslCerts=true, locationContextEnabled=true, webStorageEnabled=true, browserName=chrome, takesScreenshot=true, javascriptEnabled=true, cssSelectorsEnabled=true, setWindowRect=true, unexpectedAlertBehaviour=}]
Session ID: 24c8c3f6d72c859e89dbcc176e4d3425]]>
            </message>
            <full-stacktrace>
              <![CDATA[org.openqa.selenium.WebDriverException: unknown error: Element <button type="button" class="ui-datepicker-trigger"></button> is not clickable at point (849, 234). Other element would receive the click: <span class="ui-icon ui-icon-circle-triangle-w">...</span>
  (Session info: chrome=66.0.3359.139)
  (Driver info: chromedriver=2.33.506120 (e3e53437346286c0bc2d2dc9aa4915ba81d9023f),platform=Windows NT 10.0.16299 x86_64) (WARNING: The server did not provide any stacktrace information)
Command duration or timeout: 1.11 seconds
Build info: version: '2.53.1', revision: 'a36b8b1cd5757287168e54b817830adce9b0158d', time: '2016-06-30 19:26:09'
System info: host: 'DESKTOP-T7322OL', ip: '192.168.1.5', os.name: 'Windows 10', os.arch: 'amd64', os.version: '10.0', java.version: '1.8.0_121'
Driver info: org.openqa.selenium.chrome.ChromeDriver
Capabilities [{applicationCacheEnabled=false, rotatable=false, mobileEmulationEnabled=false, networkConnectionEnabled=false, chrome={chromedriverVersion=2.33.506120 (e3e53437346286c0bc2d2dc9aa4915ba81d9023f), userDataDir=C:\Users\Hussain\AppData\Local\Temp\scoped_dir5840_14980}, takesHeapSnapshot=true, pageLoadStrategy=normal, databaseEnabled=false, handlesAlerts=true, hasTouchScreen=false, version=66.0.3359.139, platform=XP, browserConnectionEnabled=false, nativeEvents=true, acceptSslCerts=true, locationContextEnabled=true, webStorageEnabled=true, browserName=chrome, takesScreenshot=true, javascriptEnabled=true, cssSelectorsEnabled=true, setWindowRect=true, unexpectedAlertBehaviour=}]
Session ID: 24c8c3f6d72c859e89dbcc176e4d3425
	at sun.reflect.NativeConstructorAccessorImpl.newInstance0(Native Method)
	at sun.reflect.NativeConstructorAccessorImpl.newInstance(Unknown Source)
	at sun.reflect.DelegatingConstructorAccessorImpl.newInstance(Unknown Source)
	at java.lang.reflect.Constructor.newInstance(Unknown Source)
	at org.openqa.selenium.remote.ErrorHandler.createThrowable(ErrorHandler.java:206)
	at org.openqa.selenium.remote.ErrorHandler.throwIfResponseFailed(ErrorHandler.java:158)
	at org.openqa.selenium.remote.RemoteWebDriver.execute(RemoteWebDriver.java:678)
	at org.openqa.selenium.remote.RemoteWebElement.execute(RemoteWebElement.java:327)
	at org.openqa.selenium.remote.RemoteWebElement.click(RemoteWebElement.java:85)
	at sample.Cross.spicejet(Cross.java:66)
	at sun.reflect.NativeMethodAccessorImpl.invoke0(Native Method)
	at sun.reflect.NativeMethodAccessorImpl.invoke(Unknown Source)
	at sun.reflect.DelegatingMethodAccessorImpl.invoke(Unknown Source)
	at java.lang.reflect.Method.invoke(Unknown Source)
	at org.testng.internal.MethodInvocationHelper.invokeMethod(MethodInvocationHelper.java:85)
	at org.testng.internal.Invoker.invokeMethod(Invoker.java:639)
	at org.testng.internal.Invoker.invokeTestMethod(Invoker.java:816)
	at org.testng.internal.Invoker.invokeTestMethods(Invoker.java:1124)
	at org.testng.internal.TestMethodWorker.invokeTestMethods(TestMethodWorker.java:125)
	at org.testng.internal.TestMethodWorker.run(TestMethodWorker.java:108)
	at org.testng.TestRunner.privateRun(TestRunner.java:774)
	at org.testng.TestRunner.run(TestRunner.java:624)
	at org.testng.SuiteRunner.runTest(SuiteRunner.java:359)
	at org.testng.SuiteRunner.access$000(SuiteRunner.java:39)
	at org.testng.SuiteRunner$SuiteWorker.run(SuiteRunner.java:393)
	at org.testng.internal.thread.ThreadUtil$2.call(ThreadUtil.java:64)
	at java.util.concurrent.FutureTask.run(Unknown Source)
	at java.util.concurrent.ThreadPoolExecutor.runWorker(Unknown Source)
	at java.util.concurrent.ThreadPoolExecutor$Worker.run(Unknown Source)
	at java.lang.Thread.run(Unknown Source)
]]>
            </full-stacktrace>
          </exception> <!-- org.openqa.selenium.WebDriverException -->
          <reporter-output>
            <line>
              <![CDATA[Completed executing following method : Cross.spicejet]]>
            </line>
            <line>
              <![CDATA[Test Method resides in sample.Cross]]>
            </line>
            <line>
              <![CDATA[Test Status: Failed]]>
            </line>
          </reporter-output>
        </test-method> <!-- spicejet -->
        <test-method status="PASS" signature="afterTest()[pri:0, instance:sample.Cross@4157f54e]" name="afterTest" is-config="true" duration-ms="1" started-at="2018-05-08T20:20:47Z" finished-at="2018-05-08T20:20:47Z">
          <reporter-output>
            <line>
              <![CDATA[Completed executing following method : Cross.afterTest]]>
            </line>
          </reporter-output>
        </test-method> <!-- afterTest -->
      </class> <!-- sample.Cross -->
    </test> <!-- Chore tests -->
    <test name="FirefoxTest" duration-ms="37652" started-at="2018-05-08T14:50:16Z" finished-at="2018-05-08T14:50:54Z">
      <class name="sample.Cross">
        <test-method status="PASS" signature="beforeTest(java.lang.String)[pri:0, instance:sample.Cross@13fee20c]" name="beforeTest" is-config="true" duration-ms="33900" started-at="2018-05-08T20:20:16Z" finished-at="2018-05-08T20:20:50Z">
          <params>
            <param index="0">
              <value>
                <![CDATA[gecko]]>
              </value>
            </param>
          </params>
          <reporter-output>
            <line>
              <![CDATA[Completed executing following method : Cross.beforeTest]]>
            </line>
          </reporter-output>
        </test-method> <!-- beforeTest -->
        <test-method status="PASS" signature="gmail()[pri:0, instance:sample.Cross@13fee20c]" name="gmail" duration-ms="3747" started-at="2018-05-08T20:20:50Z" finished-at="2018-05-08T20:20:54Z">
          <reporter-output>
            <line>
              <![CDATA[Completed executing following method : Cross.gmail]]>
            </line>
            <line>
              <![CDATA[Test Method resides in sample.Cross]]>
            </line>
            <line>
              <![CDATA[Test Status: Pass]]>
            </line>
          </reporter-output>
        </test-method> <!-- gmail -->
        <test-method status="PASS" signature="afterTest()[pri:0, instance:sample.Cross@13fee20c]" name="afterTest" is-config="true" duration-ms="1" started-at="2018-05-08T20:20:54Z" finished-at="2018-05-08T20:20:54Z">
          <reporter-output>
            <line>
              <![CDATA[Completed executing following method : Cross.afterTest]]>
            </line>
          </reporter-output>
        </test-method> <!-- afterTest -->
      </class> <!-- sample.Cross -->
    </test> <!-- FirefoxTest -->
  </suite> <!-- Suite -->
</testng-results>
